<?xml version="1.0" encoding="UTF-8"?>
<!-- Generated by org.testng.reporters.JUnitXMLReporter -->
<testsuite ignored="0" hostname="DESKTOP-7O36KQK" failures="0" tests="2" name="Test" time="1.299" errors="0" timestamp="2025-01-07T21:02:52 IST">
  <testcase classname="testBase.BaseClass" name="@BeforeClass setup" time="1.185">
    <failure type="java.lang.NoSuchMethodError" message="&amp;apos;void org.openqa.selenium.edge.EdgeDriverService$Builder.parseLogOutput(java.lang.String)&amp;apos;">
      <![CDATA[java.lang.NoSuchMethodError: 'void org.openqa.selenium.edge.EdgeDriverService$Builder.parseLogOutput(java.lang.String)'
at org.openqa.selenium.edge.EdgeDriverService$Builder.loadSystemProperties(EdgeDriverService.java:252)
at org.openqa.selenium.remote.service.DriverService$Builder.build(DriverService.java:504)
at org.openqa.selenium.edge.EdgeDriver.<init>(EdgeDriver.java:48)
at org.openqa.selenium.edge.EdgeDriver.<init>(EdgeDriver.java:44)
at testBase.BaseClass.setup(BaseClass.java:120)
at java.base/java.util.ArrayList.forEach(ArrayList.java:1597)
... Removed 23 stack frames]]>
    </failure>
  </testcase> <!-- @BeforeClass setup -->
  <testcase classname="testBase.BaseClass" name="@AfterClass teardown" time="0.0">
    <skipped/>
  </testcase> <!-- @AfterClass teardown -->
  <testcase classname="testBase.BaseClass" name="@BeforeClass setup" time="0.051">
    <failure type="java.lang.NoSuchMethodError" message="&amp;apos;void org.openqa.selenium.edge.EdgeDriverService$Builder.parseLogOutput(java.lang.String)&amp;apos;">
      <![CDATA[java.lang.NoSuchMethodError: 'void org.openqa.selenium.edge.EdgeDriverService$Builder.parseLogOutput(java.lang.String)'
at org.openqa.selenium.edge.EdgeDriverService$Builder.loadSystemProperties(EdgeDriverService.java:252)
at org.openqa.selenium.remote.service.DriverService$Builder.build(DriverService.java:504)
at org.openqa.selenium.edge.EdgeDriver.<init>(EdgeDriver.java:48)
at org.openqa.selenium.edge.EdgeDriver.<init>(EdgeDriver.java:44)
at testBase.BaseClass.setup(BaseClass.java:120)
at java.base/java.util.ArrayList.forEach(ArrayList.java:1597)
... Removed 23 stack frames]]>
    </failure>
  </testcase> <!-- @BeforeClass setup -->
  <testcase classname="testBase.BaseClass" name="@AfterClass teardown" time="0.0">
    <skipped/>
  </testcase> <!-- @AfterClass teardown -->
  <testcase classname="testCases.TC001_AccountRegistration" name="verify_Account_Registration" time="0.0">
    <skipped/>
  </testcase> <!-- verify_Account_Registration -->
  <testcase classname="testCases.TC002_Login" name="verify_Login" time="0.0">
    <skipped/>
  </testcase> <!-- verify_Login -->
</testsuite> <!-- Test -->
